<?xml version="1.0" encoding="UTF-8"?>
<!-- Generated by org.testng.reporters.JUnitReportReporter -->
<testsuite hostname="HN-SD-0131-WK" name="com.liveguru.TC_02_VerifyDiscountCoupon" tests="1" failures="0" timestamp="9 Aug 2018 04:17:53 GMT" time="4.619" errors="0">
  <testcase name="TC_02_VerifyCoupon" time="4.619" classname="com.liveguru.TC_02_VerifyDiscountCoupon"/>
</testsuite> <!-- com.liveguru.TC_02_VerifyDiscountCoupon -->
