<?xml version="1.0" encoding="UTF-8"?>
<!-- Generated by org.testng.reporters.JUnitReportReporter -->
<testsuite hostname="HN-SD-0131-WK" name="com.liveguru.TC_01_CostOfProduct" tests="1" failures="0" timestamp="1 Nov 2018 07:44:42 GMT" time="10.360" errors="0">
  <testcase name="TC_01_CostOfProd" time="10.360" classname="com.liveguru.TC_01_CostOfProduct"/>
</testsuite> <!-- com.liveguru.TC_01_CostOfProduct -->
