<?xml version="1.0" encoding="UTF-8"?>
<!-- Generated by org.testng.reporters.JUnitReportReporter -->
<testsuite hostname="HN-SD-0131-WK" name="com.liveguru.TC_01_CostOfProduct" tests="1" failures="0" timestamp="9 Aug 2018 04:17:53 GMT" time="4.626" errors="0">
  <testcase name="TC_01_CostOfProd" time="4.626" classname="com.liveguru.TC_01_CostOfProduct"/>
</testsuite> <!-- com.liveguru.TC_01_CostOfProduct -->
