<?xml version="1.0" encoding="UTF-8"?>
<!-- Generated by org.testng.reporters.JUnitReportReporter -->
<testsuite hostname="HN-SD-0131-WK" name="com.liveguru.TC_02_VerifyDiscountCoupon" tests="1" failures="0" timestamp="1 Nov 2018 07:44:42 GMT" time="10.100" errors="0">
  <testcase name="TC_02_VerifyCoupon" time="10.100" classname="com.liveguru.TC_02_VerifyDiscountCoupon"/>
</testsuite> <!-- com.liveguru.TC_02_VerifyDiscountCoupon -->
